[debug] [2023-06-30T19:33:21.576Z] ----------------------------------------------------------------------
[debug] [2023-06-30T19:33:21.578Z] Command:       C:\Program Files\nodejs\node.exe C:\Users\shado\AppData\Roaming\npm\node_modules\firebase-tools\lib\bin\firebase.js deploy
[debug] [2023-06-30T19:33:21.579Z] CLI Version:   10.7.2
[debug] [2023-06-30T19:33:21.579Z] Platform:      win32
[debug] [2023-06-30T19:33:21.579Z] Node Version:  v18.15.0
[debug] [2023-06-30T19:33:21.580Z] Time:          Fri Jun 30 2023 16:33:21 GMT-0300 (Horário Padrão de Brasília)
[debug] [2023-06-30T19:33:21.581Z] ----------------------------------------------------------------------
[debug] 
[debug] [2023-06-30T19:33:21.645Z] > command requires scopes: ["email","openid","https://www.googleapis.com/auth/cloudplatformprojects.readonly","https://www.googleapis.com/auth/firebase","https://www.googleapis.com/auth/cloud-platform"]
[debug] [2023-06-30T19:33:21.645Z] > authorizing via signed-in user (jairrodriguesmd@gmail.com)
[debug] [2023-06-30T19:33:21.645Z] [iam] checking project devblog-fe7e4 for permissions ["firebase.projects.get","firebasedatabase.instances.update","firebasehosting.sites.update"]
[debug] [2023-06-30T19:33:21.648Z] >>> [apiv2][query] POST https://cloudresourcemanager.googleapis.com/v1/projects/devblog-fe7e4:testIamPermissions [none]
[debug] [2023-06-30T19:33:21.648Z] >>> [apiv2][body] POST https://cloudresourcemanager.googleapis.com/v1/projects/devblog-fe7e4:testIamPermissions {"permissions":["firebase.projects.get","firebasedatabase.instances.update","firebasehosting.sites.update"]}
[debug] [2023-06-30T19:33:22.654Z] <<< [apiv2][status] POST https://cloudresourcemanager.googleapis.com/v1/projects/devblog-fe7e4:testIamPermissions 200
[debug] [2023-06-30T19:33:22.654Z] <<< [apiv2][body] POST https://cloudresourcemanager.googleapis.com/v1/projects/devblog-fe7e4:testIamPermissions {"permissions":["firebase.projects.get","firebasedatabase.instances.update","firebasehosting.sites.update"]}
[debug] [2023-06-30T19:33:22.655Z] >>> [apiv2][query] GET https://firebase.googleapis.com/v1beta1/projects/devblog-fe7e4 [none]
[debug] [2023-06-30T19:33:23.121Z] <<< [apiv2][status] GET https://firebase.googleapis.com/v1beta1/projects/devblog-fe7e4 200
[debug] [2023-06-30T19:33:23.121Z] <<< [apiv2][body] GET https://firebase.googleapis.com/v1beta1/projects/devblog-fe7e4 {"projectId":"devblog-fe7e4","projectNumber":"1009974561028","displayName":"devblog","name":"projects/devblog-fe7e4","resources":{"hostingSite":"devblog-fe7e4","realtimeDatabaseInstance":"devblog-fe7e4-default-rtdb"},"state":"ACTIVE","etag":"1_ef3e0d7a-f2e6-4cac-926c-3f6b48fb36fa"}
[debug] [2023-06-30T19:33:23.122Z] >>> [apiv2][query] GET https://firebase.googleapis.com/v1beta1/projects/devblog-fe7e4 [none]
[debug] [2023-06-30T19:33:23.574Z] <<< [apiv2][status] GET https://firebase.googleapis.com/v1beta1/projects/devblog-fe7e4 200
[debug] [2023-06-30T19:33:23.574Z] <<< [apiv2][body] GET https://firebase.googleapis.com/v1beta1/projects/devblog-fe7e4 {"projectId":"devblog-fe7e4","projectNumber":"1009974561028","displayName":"devblog","name":"projects/devblog-fe7e4","resources":{"hostingSite":"devblog-fe7e4","realtimeDatabaseInstance":"devblog-fe7e4-default-rtdb"},"state":"ACTIVE","etag":"1_ef3e0d7a-f2e6-4cac-926c-3f6b48fb36fa"}
[info] 
[info] === Deploying to 'devblog-fe7e4'...
[info] 
[info] i  deploying database, hosting 
[info] i  database: checking rules syntax... 
[debug] [2023-06-30T19:33:23.577Z] > refreshing access token with scopes: ["email","https://www.googleapis.com/auth/cloud-platform","https://www.googleapis.com/auth/cloudplatformprojects.readonly","https://www.googleapis.com/auth/firebase","openid"]
[debug] [2023-06-30T19:33:23.577Z] >>> HTTP REQUEST POST https://www.googleapis.com/oauth2/v3/token  
 <request body omitted>
[debug] [2023-06-30T19:33:23.803Z] <<< HTTP RESPONSE 200 {"pragma":"no-cache","expires":"Mon, 01 Jan 1990 00:00:00 GMT","cache-control":"no-cache, no-store, max-age=0, must-revalidate","date":"Fri, 30 Jun 2023 19:33:24 GMT","content-type":"application/json; charset=utf-8","vary":"X-Origin, Referer, Origin,Accept-Encoding","server":"scaffolding on HTTPServer2","x-xss-protection":"0","x-frame-options":"SAMEORIGIN","x-content-type-options":"nosniff","alt-svc":"h3=\":443\"; ma=2592000,h3-29=\":443\"; ma=2592000","accept-ranges":"none","transfer-encoding":"chunked"}
[debug] [2023-06-30T19:33:23.815Z] >>> HTTP REQUEST GET https://firebasedatabase.googleapis.com/v1beta/projects/devblog-fe7e4/locations/-/instances/devblog-fe7e4-default-rtdb  
 
[debug] [2023-06-30T19:33:24.290Z] <<< HTTP RESPONSE 200 {"content-type":"application/json; charset=UTF-8","vary":"X-Origin, Referer, Origin,Accept-Encoding","date":"Fri, 30 Jun 2023 19:33:25 GMT","server":"ESF","cache-control":"private","x-xss-protection":"0","x-frame-options":"SAMEORIGIN","x-content-type-options":"nosniff","alt-svc":"h3=\":443\"; ma=2592000,h3-29=\":443\"; ma=2592000","accept-ranges":"none","transfer-encoding":"chunked"}
[debug] [2023-06-30T19:33:24.292Z] >>> HTTP REQUEST PUT https://devblog-fe7e4-default-rtdb.firebaseio.com/.settings/rules.json?dryRun=true  
 {
  "rules": {
    "posts": {
      ".read": "true",
      "${databaseSlug}": {
        ".read": "true",
        "comments": {
          ".read": "true",
          ".write": "auth != null",
          "likes": {
            ".read": true,
            ".write": "auth != null && (!data.exists() || data.child('authorId').val() == auth.id)"
          }
        }
      }
    }
  }
}

[debug] [2023-06-30T19:33:24.827Z] <<< HTTP RESPONSE 200 {"server":"nginx","date":"Fri, 30 Jun 2023 19:33:25 GMT","content-type":"application/json; charset=utf-8","content-length":"15","connection":"keep-alive","access-control-allow-origin":"*","cache-control":"no-cache","strict-transport-security":"max-age=31556926; includeSubDomains; preload"}
[info] +  database: rules syntax for database devblog-fe7e4-default-rtdb is valid 
[debug] [2023-06-30T19:33:24.828Z] > refreshing access token with scopes: []
[debug] [2023-06-30T19:33:24.828Z] >>> HTTP REQUEST POST https://www.googleapis.com/oauth2/v3/token  
 <request body omitted>
[debug] [2023-06-30T19:33:25.053Z] <<< HTTP RESPONSE 200 {"expires":"Mon, 01 Jan 1990 00:00:00 GMT","cache-control":"no-cache, no-store, max-age=0, must-revalidate","pragma":"no-cache","date":"Fri, 30 Jun 2023 19:33:25 GMT","content-type":"application/json; charset=utf-8","vary":"X-Origin, Referer, Origin,Accept-Encoding","server":"scaffolding on HTTPServer2","x-xss-protection":"0","x-frame-options":"SAMEORIGIN","x-content-type-options":"nosniff","alt-svc":"h3=\":443\"; ma=2592000,h3-29=\":443\"; ma=2592000","accept-ranges":"none","transfer-encoding":"chunked"}
[debug] [2023-06-30T19:33:25.064Z] >>> [apiv2][query] GET https://firebase.googleapis.com/v1beta1/projects/devblog-fe7e4 [none]
[debug] [2023-06-30T19:33:25.556Z] <<< [apiv2][status] GET https://firebase.googleapis.com/v1beta1/projects/devblog-fe7e4 200
[debug] [2023-06-30T19:33:25.556Z] <<< [apiv2][body] GET https://firebase.googleapis.com/v1beta1/projects/devblog-fe7e4 {"projectId":"devblog-fe7e4","projectNumber":"1009974561028","displayName":"devblog","name":"projects/devblog-fe7e4","resources":{"hostingSite":"devblog-fe7e4","realtimeDatabaseInstance":"devblog-fe7e4-default-rtdb"},"state":"ACTIVE","etag":"1_ef3e0d7a-f2e6-4cac-926c-3f6b48fb36fa"}
[debug] [2023-06-30T19:33:25.558Z] >>> [apiv2][query] POST https://firebasehosting.googleapis.com/v1beta1/projects/1009974561028/sites/devblog-fe7e4/versions [none]
[debug] [2023-06-30T19:33:25.558Z] >>> [apiv2][body] POST https://firebasehosting.googleapis.com/v1beta1/projects/1009974561028/sites/devblog-fe7e4/versions {"config":{"rewrites":[{"glob":"**","path":"/index.html"}]},"labels":{"deployment-tool":"cli-firebase"}}
[debug] [2023-06-30T19:33:27.169Z] <<< [apiv2][status] POST https://firebasehosting.googleapis.com/v1beta1/projects/1009974561028/sites/devblog-fe7e4/versions 200
[debug] [2023-06-30T19:33:27.169Z] <<< [apiv2][body] POST https://firebasehosting.googleapis.com/v1beta1/projects/1009974561028/sites/devblog-fe7e4/versions {"name":"projects/1009974561028/sites/devblog-fe7e4/versions/b0178e9f64c5dcd1","status":"CREATED","config":{"rewrites":[{"glob":"**","path":"/index.html"}]},"labels":{"deployment-tool":"cli-firebase"}}
[info] i  hosting[devblog-fe7e4]: beginning deploy... 
[info] i  hosting[devblog-fe7e4]: found 12 files in build 
[debug] [2023-06-30T19:33:27.178Z] [hosting] uploading with 200 concurrency
[debug] [2023-06-30T19:33:27.535Z] [hosting] hash cache [YnVpbGQ] stored for 12 files
[debug] [2023-06-30T19:33:27.536Z] [hosting][hash queue][FINAL] {"max":351,"min":2,"avg":36.25,"active":0,"complete":12,"success":12,"errored":0,"retried":0,"total":12,"elapsed":357}
[debug] [2023-06-30T19:33:27.536Z] >>> [apiv2][query] POST https://firebasehosting.googleapis.com/v1beta1/projects/1009974561028/sites/devblog-fe7e4/versions/b0178e9f64c5dcd1:populateFiles [none]
[debug] [2023-06-30T19:33:27.536Z] >>> [apiv2][body] POST https://firebasehosting.googleapis.com/v1beta1/projects/1009974561028/sites/devblog-fe7e4/versions/b0178e9f64c5dcd1:populateFiles {"files":{"/comments.png":"e03de5d9bf5c253f88fd7b0da837ec0175de6d7833f7bce1efbc8172d98b6a79","/favicon.svg":"6f293ba41897101b1f544da93455f7969f3775497556ed8162583496f7764f93","/home.png":"a8fe4c502082aac9c43cf290320cf45b01d12d6efc5cd9d16e4a9ea3f64db519","/post.png":"41fb3a97d183e497bbd510eb07b8abcc8b5f8d3b9737855de845430f97bedbca","/postsPage.png":"614fbd2bc561ddf38224294bc7c05a8974c9d4847d850316e8295a21f5368d29","/asset-manifest.json":"3c81926a2ca4a37f849bcd209511b7c51c4f27e17c249acc87f7633988d6b1fc","/index.html":"9d54c22d8b759095b74af6fa37ed9fb293d6b415b51821307a95d8d8e7f674e8","/static/css/main.e6551fc3.css":"398eb8a2bfcce4548cf072ae75a3c02c77eba9a4f6e26b9182024e3eb6fcf7db","/static/js/main.92cc9a7f.js.LICENSE.txt":"42976d1047cde0bbd399b58baa4fd4bcaa943ec9714840a5350974d963901820","/static/css/main.e6551fc3.css.map":"a26d5f988b5abdba14325eda68b5b1acbb70d2a5d3013ad72727f9b2d957076f","/static/js/main.92cc9a7f.js":"559a105a2f124e906dde666e9dec93b94abd75f73fb0597bf6bb41eab119aeab","/static/js/main.92cc9a7f.js.map":"e9ccd13a8aec1192fc7c88d5e7b1c16b37728f97487f38fa88b666303488cb3c"}}
[debug] [2023-06-30T19:33:28.577Z] <<< [apiv2][status] POST https://firebasehosting.googleapis.com/v1beta1/projects/1009974561028/sites/devblog-fe7e4/versions/b0178e9f64c5dcd1:populateFiles 200
[debug] [2023-06-30T19:33:28.577Z] <<< [apiv2][body] POST https://firebasehosting.googleapis.com/v1beta1/projects/1009974561028/sites/devblog-fe7e4/versions/b0178e9f64c5dcd1:populateFiles {"uploadRequiredHashes":["559a105a2f124e906dde666e9dec93b94abd75f73fb0597bf6bb41eab119aeab","3c81926a2ca4a37f849bcd209511b7c51c4f27e17c249acc87f7633988d6b1fc","9d54c22d8b759095b74af6fa37ed9fb293d6b415b51821307a95d8d8e7f674e8","a26d5f988b5abdba14325eda68b5b1acbb70d2a5d3013ad72727f9b2d957076f","e9ccd13a8aec1192fc7c88d5e7b1c16b37728f97487f38fa88b666303488cb3c","398eb8a2bfcce4548cf072ae75a3c02c77eba9a4f6e26b9182024e3eb6fcf7db"],"uploadUrl":"https://upload-firebasehosting.googleapis.com/upload/sites/devblog-fe7e4/versions/b0178e9f64c5dcd1/files"}
[debug] [2023-06-30T19:33:28.579Z] >>> [apiv2][query] POST https://upload-firebasehosting.googleapis.com/upload/sites/devblog-fe7e4/versions/b0178e9f64c5dcd1/files/559a105a2f124e906dde666e9dec93b94abd75f73fb0597bf6bb41eab119aeab [none]
[debug] [2023-06-30T19:33:28.579Z] >>> [apiv2][body] POST https://upload-firebasehosting.googleapis.com/upload/sites/devblog-fe7e4/versions/b0178e9f64c5dcd1/files/559a105a2f124e906dde666e9dec93b94abd75f73fb0597bf6bb41eab119aeab [stream]
[debug] [2023-06-30T19:33:28.581Z] >>> [apiv2][query] POST https://upload-firebasehosting.googleapis.com/upload/sites/devblog-fe7e4/versions/b0178e9f64c5dcd1/files/3c81926a2ca4a37f849bcd209511b7c51c4f27e17c249acc87f7633988d6b1fc [none]
[debug] [2023-06-30T19:33:28.581Z] >>> [apiv2][body] POST https://upload-firebasehosting.googleapis.com/upload/sites/devblog-fe7e4/versions/b0178e9f64c5dcd1/files/3c81926a2ca4a37f849bcd209511b7c51c4f27e17c249acc87f7633988d6b1fc [stream]
[debug] [2023-06-30T19:33:28.582Z] >>> [apiv2][query] POST https://upload-firebasehosting.googleapis.com/upload/sites/devblog-fe7e4/versions/b0178e9f64c5dcd1/files/9d54c22d8b759095b74af6fa37ed9fb293d6b415b51821307a95d8d8e7f674e8 [none]
[debug] [2023-06-30T19:33:28.582Z] >>> [apiv2][body] POST https://upload-firebasehosting.googleapis.com/upload/sites/devblog-fe7e4/versions/b0178e9f64c5dcd1/files/9d54c22d8b759095b74af6fa37ed9fb293d6b415b51821307a95d8d8e7f674e8 [stream]
[debug] [2023-06-30T19:33:28.584Z] >>> [apiv2][query] POST https://upload-firebasehosting.googleapis.com/upload/sites/devblog-fe7e4/versions/b0178e9f64c5dcd1/files/a26d5f988b5abdba14325eda68b5b1acbb70d2a5d3013ad72727f9b2d957076f [none]
[debug] [2023-06-30T19:33:28.584Z] >>> [apiv2][body] POST https://upload-firebasehosting.googleapis.com/upload/sites/devblog-fe7e4/versions/b0178e9f64c5dcd1/files/a26d5f988b5abdba14325eda68b5b1acbb70d2a5d3013ad72727f9b2d957076f [stream]
[debug] [2023-06-30T19:33:28.585Z] >>> [apiv2][query] POST https://upload-firebasehosting.googleapis.com/upload/sites/devblog-fe7e4/versions/b0178e9f64c5dcd1/files/e9ccd13a8aec1192fc7c88d5e7b1c16b37728f97487f38fa88b666303488cb3c [none]
[debug] [2023-06-30T19:33:28.585Z] >>> [apiv2][body] POST https://upload-firebasehosting.googleapis.com/upload/sites/devblog-fe7e4/versions/b0178e9f64c5dcd1/files/e9ccd13a8aec1192fc7c88d5e7b1c16b37728f97487f38fa88b666303488cb3c [stream]
[debug] [2023-06-30T19:33:28.585Z] >>> [apiv2][query] POST https://upload-firebasehosting.googleapis.com/upload/sites/devblog-fe7e4/versions/b0178e9f64c5dcd1/files/398eb8a2bfcce4548cf072ae75a3c02c77eba9a4f6e26b9182024e3eb6fcf7db [none]
[debug] [2023-06-30T19:33:28.585Z] >>> [apiv2][body] POST https://upload-firebasehosting.googleapis.com/upload/sites/devblog-fe7e4/versions/b0178e9f64c5dcd1/files/398eb8a2bfcce4548cf072ae75a3c02c77eba9a4f6e26b9182024e3eb6fcf7db [stream]
[debug] [2023-06-30T19:33:28.586Z] [hosting][populate queue][FINAL] {"max":1044,"min":1044,"avg":1044,"active":0,"complete":1,"success":1,"errored":0,"retried":0,"total":1,"elapsed":1052}
[debug] [2023-06-30T19:33:28.587Z] [hosting] uploads queued: 6
[debug] [2023-06-30T19:33:29.669Z] <<< [apiv2][status] POST https://upload-firebasehosting.googleapis.com/upload/sites/devblog-fe7e4/versions/b0178e9f64c5dcd1/files/3c81926a2ca4a37f849bcd209511b7c51c4f27e17c249acc87f7633988d6b1fc 200
[debug] [2023-06-30T19:33:29.669Z] <<< [apiv2][body] POST https://upload-firebasehosting.googleapis.com/upload/sites/devblog-fe7e4/versions/b0178e9f64c5dcd1/files/3c81926a2ca4a37f849bcd209511b7c51c4f27e17c249acc87f7633988d6b1fc [stream]
[debug] [2023-06-30T19:33:29.717Z] <<< [apiv2][status] POST https://upload-firebasehosting.googleapis.com/upload/sites/devblog-fe7e4/versions/b0178e9f64c5dcd1/files/a26d5f988b5abdba14325eda68b5b1acbb70d2a5d3013ad72727f9b2d957076f 200
[debug] [2023-06-30T19:33:29.717Z] <<< [apiv2][body] POST https://upload-firebasehosting.googleapis.com/upload/sites/devblog-fe7e4/versions/b0178e9f64c5dcd1/files/a26d5f988b5abdba14325eda68b5b1acbb70d2a5d3013ad72727f9b2d957076f [stream]
[debug] [2023-06-30T19:33:30.079Z] <<< [apiv2][status] POST https://upload-firebasehosting.googleapis.com/upload/sites/devblog-fe7e4/versions/b0178e9f64c5dcd1/files/559a105a2f124e906dde666e9dec93b94abd75f73fb0597bf6bb41eab119aeab 200
[debug] [2023-06-30T19:33:30.079Z] <<< [apiv2][body] POST https://upload-firebasehosting.googleapis.com/upload/sites/devblog-fe7e4/versions/b0178e9f64c5dcd1/files/559a105a2f124e906dde666e9dec93b94abd75f73fb0597bf6bb41eab119aeab [stream]
[debug] [2023-06-30T19:33:30.186Z] <<< [apiv2][status] POST https://upload-firebasehosting.googleapis.com/upload/sites/devblog-fe7e4/versions/b0178e9f64c5dcd1/files/398eb8a2bfcce4548cf072ae75a3c02c77eba9a4f6e26b9182024e3eb6fcf7db 200
[debug] [2023-06-30T19:33:30.186Z] <<< [apiv2][body] POST https://upload-firebasehosting.googleapis.com/upload/sites/devblog-fe7e4/versions/b0178e9f64c5dcd1/files/398eb8a2bfcce4548cf072ae75a3c02c77eba9a4f6e26b9182024e3eb6fcf7db [stream]
[debug] [2023-06-30T19:33:30.522Z] <<< [apiv2][status] POST https://upload-firebasehosting.googleapis.com/upload/sites/devblog-fe7e4/versions/b0178e9f64c5dcd1/files/9d54c22d8b759095b74af6fa37ed9fb293d6b415b51821307a95d8d8e7f674e8 200
[debug] [2023-06-30T19:33:30.522Z] <<< [apiv2][body] POST https://upload-firebasehosting.googleapis.com/upload/sites/devblog-fe7e4/versions/b0178e9f64c5dcd1/files/9d54c22d8b759095b74af6fa37ed9fb293d6b415b51821307a95d8d8e7f674e8 [stream]
[debug] [2023-06-30T19:33:30.888Z] <<< [apiv2][status] POST https://upload-firebasehosting.googleapis.com/upload/sites/devblog-fe7e4/versions/b0178e9f64c5dcd1/files/e9ccd13a8aec1192fc7c88d5e7b1c16b37728f97487f38fa88b666303488cb3c 200
[debug] [2023-06-30T19:33:30.888Z] <<< [apiv2][body] POST https://upload-firebasehosting.googleapis.com/upload/sites/devblog-fe7e4/versions/b0178e9f64c5dcd1/files/e9ccd13a8aec1192fc7c88d5e7b1c16b37728f97487f38fa88b666303488cb3c [stream]
[debug] [2023-06-30T19:33:30.888Z] [hosting][upload queue][FINAL] {"max":2310,"min":1092,"avg":1599.1666666666667,"active":0,"complete":6,"success":6,"errored":0,"retried":0,"total":6,"elapsed":2311}
[info] +  hosting[devblog-fe7e4]: file upload complete 
[debug] [2023-06-30T19:33:30.889Z] [hosting] deploy completed after 3719ms
[info] i  database: releasing rules... 
[debug] [2023-06-30T19:33:30.891Z] > refreshing access token with scopes: ["email","https://www.googleapis.com/auth/cloud-platform","https://www.googleapis.com/auth/cloudplatformprojects.readonly","https://www.googleapis.com/auth/firebase","openid"]
[debug] [2023-06-30T19:33:30.891Z] >>> HTTP REQUEST POST https://www.googleapis.com/oauth2/v3/token  
 <request body omitted>
[debug] [2023-06-30T19:33:31.274Z] <<< HTTP RESPONSE 200 {"expires":"Mon, 01 Jan 1990 00:00:00 GMT","cache-control":"no-cache, no-store, max-age=0, must-revalidate","date":"Fri, 30 Jun 2023 19:33:32 GMT","pragma":"no-cache","content-type":"application/json; charset=utf-8","vary":"X-Origin, Referer, Origin,Accept-Encoding","server":"scaffolding on HTTPServer2","x-xss-protection":"0","x-frame-options":"SAMEORIGIN","x-content-type-options":"nosniff","alt-svc":"h3=\":443\"; ma=2592000,h3-29=\":443\"; ma=2592000","accept-ranges":"none","transfer-encoding":"chunked"}
[debug] [2023-06-30T19:33:31.286Z] >>> HTTP REQUEST GET https://firebasedatabase.googleapis.com/v1beta/projects/devblog-fe7e4/locations/-/instances/devblog-fe7e4-default-rtdb  
 
[debug] [2023-06-30T19:33:32.337Z] <<< HTTP RESPONSE 200 {"content-type":"application/json; charset=UTF-8","vary":"X-Origin, Referer, Origin,Accept-Encoding","date":"Fri, 30 Jun 2023 19:33:33 GMT","server":"ESF","cache-control":"private","x-xss-protection":"0","x-frame-options":"SAMEORIGIN","x-content-type-options":"nosniff","alt-svc":"h3=\":443\"; ma=2592000,h3-29=\":443\"; ma=2592000","accept-ranges":"none","transfer-encoding":"chunked"}
[debug] [2023-06-30T19:33:32.338Z] >>> HTTP REQUEST PUT https://devblog-fe7e4-default-rtdb.firebaseio.com/.settings/rules.json  
 {
  "rules": {
    "posts": {
      ".read": "true",
      "${databaseSlug}": {
        ".read": "true",
        "comments": {
          ".read": "true",
          ".write": "auth != null",
          "likes": {
            ".read": true,
            ".write": "auth != null && (!data.exists() || data.child('authorId').val() == auth.id)"
          }
        }
      }
    }
  }
}

[debug] [2023-06-30T19:33:32.822Z] <<< HTTP RESPONSE 200 {"server":"nginx","date":"Fri, 30 Jun 2023 19:33:33 GMT","content-type":"application/json; charset=utf-8","content-length":"15","connection":"keep-alive","access-control-allow-origin":"*","cache-control":"no-cache","strict-transport-security":"max-age=31556926; includeSubDomains; preload"}
[info] +  database: rules for database devblog-fe7e4-default-rtdb released successfully 
[debug] [2023-06-30T19:33:32.823Z] [
  {
    "config": {
      "public": "build",
      "ignore": [
        "firebase.json",
        "**/.*",
        "**/node_modules/**"
      ],
      "rewrites": [
        {
          "source": "**",
          "destination": "/index.html"
        }
      ],
      "site": "devblog-fe7e4"
    },
    "site": "devblog-fe7e4",
    "version": "projects/1009974561028/sites/devblog-fe7e4/versions/b0178e9f64c5dcd1"
  }
]
[info] i  hosting[devblog-fe7e4]: finalizing version... 
[debug] [2023-06-30T19:33:32.824Z] > refreshing access token with scopes: []
[debug] [2023-06-30T19:33:32.824Z] >>> HTTP REQUEST POST https://www.googleapis.com/oauth2/v3/token  
 <request body omitted>
[debug] [2023-06-30T19:33:33.040Z] <<< HTTP RESPONSE 200 {"expires":"Mon, 01 Jan 1990 00:00:00 GMT","pragma":"no-cache","date":"Fri, 30 Jun 2023 19:33:33 GMT","cache-control":"no-cache, no-store, max-age=0, must-revalidate","content-type":"application/json; charset=utf-8","vary":"X-Origin, Referer, Origin,Accept-Encoding","server":"scaffolding on HTTPServer2","x-xss-protection":"0","x-frame-options":"SAMEORIGIN","x-content-type-options":"nosniff","alt-svc":"h3=\":443\"; ma=2592000,h3-29=\":443\"; ma=2592000","accept-ranges":"none","transfer-encoding":"chunked"}
[debug] [2023-06-30T19:33:33.053Z] >>> [apiv2][query] PATCH https://firebasehosting.googleapis.com/v1beta1/projects/1009974561028/sites/devblog-fe7e4/versions/b0178e9f64c5dcd1 updateMask=status%2Cconfig
[debug] [2023-06-30T19:33:33.053Z] >>> [apiv2][body] PATCH https://firebasehosting.googleapis.com/v1beta1/projects/1009974561028/sites/devblog-fe7e4/versions/b0178e9f64c5dcd1 {"status":"FINALIZED","config":{"rewrites":[{"glob":"**","path":"/index.html"}]}}
[debug] [2023-06-30T19:33:34.076Z] <<< [apiv2][status] PATCH https://firebasehosting.googleapis.com/v1beta1/projects/1009974561028/sites/devblog-fe7e4/versions/b0178e9f64c5dcd1 200
[debug] [2023-06-30T19:33:34.077Z] <<< [apiv2][body] PATCH https://firebasehosting.googleapis.com/v1beta1/projects/1009974561028/sites/devblog-fe7e4/versions/b0178e9f64c5dcd1 {"name":"projects/1009974561028/sites/devblog-fe7e4/versions/b0178e9f64c5dcd1","status":"FINALIZED","config":{"rewrites":[{"glob":"**","path":"/index.html"}]},"labels":{"deployment-tool":"cli-firebase"},"createTime":"2023-06-30T19:33:27.482715Z","createUser":{"email":"jairrodriguesmd@gmail.com"},"finalizeTime":"2023-06-30T19:33:34.878064Z","finalizeUser":{"email":"jairrodriguesmd@gmail.com"}}
[debug] [2023-06-30T19:33:34.077Z] [hosting] finalized version for devblog-fe7e4:[object Object]
[info] +  hosting[devblog-fe7e4]: version finalized 
[info] i  hosting[devblog-fe7e4]: releasing new version... 
[debug] [2023-06-30T19:33:34.078Z] >>> [apiv2][query] POST https://firebasehosting.googleapis.com/v1beta1/projects/1009974561028/sites/devblog-fe7e4/releases versionName=projects%2F1009974561028%2Fsites%2Fdevblog-fe7e4%2Fversions%2Fb0178e9f64c5dcd1
[debug] [2023-06-30T19:33:34.078Z] >>> [apiv2][body] POST https://firebasehosting.googleapis.com/v1beta1/projects/1009974561028/sites/devblog-fe7e4/releases {"message":null}
